This is pdfTeX, Version 3.14159265-2.6-1.40.18 (MiKTeX 2.9.6500 64-bit) (preloaded format=pdflatex 2017.12.8)  17 MAY 2018 21:59
entering extended mode
**./sampleThesis.tex
(sampleThesis.tex
LaTeX2e <2017-04-15>
Babel <3.15> and hyphenation patterns for 75 language(s) loaded.
("C:\Program Files\MiKTeX 2.9\tex\latex\base\book.cls"
Document Class: book 2014/09/29 v1.4h Standard LaTeX document class
("C:\Program Files\MiKTeX 2.9\tex\latex\base\bk11.clo"
File: bk11.clo 2014/09/29 v1.4h Standard LaTeX file (size option)
)
\c@part=\count79
\c@chapter=\count80
\c@section=\count81
\c@subsection=\count82
\c@subsubsection=\count83
\c@paragraph=\count84
\c@subparagraph=\count85
\c@figure=\count86
\c@table=\count87
\abovecaptionskip=\skip41
\belowcaptionskip=\skip42
\bibindent=\dimen102
) (LNMIIT_BTP.sty
*******************************************************************
** UIUC Thesis Style File, version 1.1, Nov 1995 by Fred Geiger 
** Based On UTTHESIS.STY, Written by Dinesh Das 
** Dept. of Computer Sciences, The University of Texas at Austin 
*******************************************************************
("C:\Program Files\MiKTeX 2.9\tex\latex\base\ifthen.sty"
Package: ifthen 2014/09/29 v1.1c Standard LaTeX ifthen package (DPC)
)
\hour=\count88
\minute=\count89
\wwwy=\count90
\wwwm=\count91
\wwwd=\count92
\wwwc=\count93
\wwwt=\count94
\wwws=\count95
)
("C:\Program Files\MiKTeX 2.9\tex\latex\psnfss\times.sty"
Package: times 2005/04/12 PSNFSS-v9.2a (SPQR) 
)
("C:\Program Files\MiKTeX 2.9\tex\latex\graphics\epsfig.sty"
Package: epsfig 2017/06/25 v1.7b (e)psfig emulation (SPQR)

("C:\Program Files\MiKTeX 2.9\tex\latex\graphics\graphicx.sty"
Package: graphicx 2017/06/01 v1.1a Enhanced LaTeX Graphics (DPC,SPQR)

("C:\Program Files\MiKTeX 2.9\tex\latex\graphics\keyval.sty"
Package: keyval 2014/10/28 v1.15 key=value parser (DPC)
\KV@toks@=\toks14
)
("C:\Program Files\MiKTeX 2.9\tex\latex\graphics\graphics.sty"
Package: graphics 2017/06/25 v1.2c Standard LaTeX Graphics (DPC,SPQR)

("C:\Program Files\MiKTeX 2.9\tex\latex\graphics\trig.sty"
Package: trig 2016/01/03 v1.10 sin cos tan (DPC)
)
("C:\Program Files\MiKTeX 2.9\tex\latex\graphics-cfg\graphics.cfg"
File: graphics.cfg 2016/06/04 v1.11 sample graphics configuration
)
Package graphics Info: Driver file: pdftex.def on input line 99.

("C:\Program Files\MiKTeX 2.9\tex\latex\graphics-def\pdftex.def"
File: pdftex.def 2017/06/24 v1.0g Graphics/color driver for pdftex
))
\Gin@req@height=\dimen103
\Gin@req@width=\dimen104
)
\epsfxsize=\dimen105
\epsfysize=\dimen106
)
("C:\Program Files\MiKTeX 2.9\tex\latex\amsmath\amsmath.sty"
Package: amsmath 2017/09/02 v2.17a AMS math features
\@mathmargin=\skip43

For additional information on amsmath, use the `?' option.
("C:\Program Files\MiKTeX 2.9\tex\latex\amsmath\amstext.sty"
Package: amstext 2000/06/29 v2.01 AMS text

("C:\Program Files\MiKTeX 2.9\tex\latex\amsmath\amsgen.sty"
File: amsgen.sty 1999/11/30 v2.0 generic functions
\@emptytoks=\toks15
\ex@=\dimen107
))
("C:\Program Files\MiKTeX 2.9\tex\latex\amsmath\amsbsy.sty"
Package: amsbsy 1999/11/29 v1.2d Bold Symbols
\pmbraise@=\dimen108
)
("C:\Program Files\MiKTeX 2.9\tex\latex\amsmath\amsopn.sty"
Package: amsopn 2016/03/08 v2.02 operator names
)
\inf@bad=\count96
LaTeX Info: Redefining \frac on input line 213.
\uproot@=\count97
\leftroot@=\count98
LaTeX Info: Redefining \overline on input line 375.
\classnum@=\count99
\DOTSCASE@=\count100
LaTeX Info: Redefining \ldots on input line 472.
LaTeX Info: Redefining \dots on input line 475.
LaTeX Info: Redefining \cdots on input line 596.
\Mathstrutbox@=\box26
\strutbox@=\box27
\big@size=\dimen109
LaTeX Font Info:    Redeclaring font encoding OML on input line 712.
LaTeX Font Info:    Redeclaring font encoding OMS on input line 713.
\macc@depth=\count101
\c@MaxMatrixCols=\count102
\dotsspace@=\muskip10
\c@parentequation=\count103
\dspbrk@lvl=\count104
\tag@help=\toks16
\row@=\count105
\column@=\count106
\maxfields@=\count107
\andhelp@=\toks17
\eqnshift@=\dimen110
\alignsep@=\dimen111
\tagshift@=\dimen112
\tagwidth@=\dimen113
\totwidth@=\dimen114
\lineht@=\dimen115
\@envbody=\toks18
\multlinegap=\skip44
\multlinetaggap=\skip45
\mathdisplay@stack=\toks19
LaTeX Info: Redefining \[ on input line 2817.
LaTeX Info: Redefining \] on input line 2818.
)
("C:\Program Files\MiKTeX 2.9\tex\latex\amsfonts\amssymb.sty"
Package: amssymb 2013/01/14 v3.01 AMS font symbols

("C:\Program Files\MiKTeX 2.9\tex\latex\amsfonts\amsfonts.sty"
Package: amsfonts 2013/01/14 v3.01 Basic AMSFonts support
\symAMSa=\mathgroup4
\symAMSb=\mathgroup5
LaTeX Font Info:    Overwriting math alphabet `\mathfrak' in version `bold'
(Font)                  U/euf/m/n --> U/euf/b/n on input line 106.
))
("C:\Program Files\MiKTeX 2.9\tex\latex\base\latexsym.sty"
Package: latexsym 1998/08/17 v2.2e Standard LaTeX package (lasy symbols)
\symlasy=\mathgroup6
LaTeX Font Info:    Overwriting symbol font `lasy' in version `bold'
(Font)                  U/lasy/m/n --> U/lasy/b/n on input line 52.
)
("C:\Program Files\MiKTeX 2.9\tex\latex\url\url.sty"
\Urlmuskip=\muskip11
Package: url 2013/09/16  ver 3.4  Verb mode for urls, etc.
)
("C:\Program Files\MiKTeX 2.9\tex\latex\multirow\multirow.sty"
Package: multirow 2016/11/25 v2.2 Span multiple rows of a table
\multirow@colwidth=\skip46
\multirow@cntb=\count108
\multirow@dima=\skip47
\bigstrutjot=\dimen116
)
(algorithm2e.sty
Package: algorithm2e 2004/06/16
\c@AlgoLine=\count109
 ("C:\Program Files\MiKTeX 2.9\tex\latex\tools\xspace.sty"
Package: xspace 2014/10/28 v1.13 Space after command names (DPC,MH)
)
********************************************************
Package `algorithm2e' Release 3.3 -- june 16 2004 --
- algorithm2e-announce@lirmm.fr mailing list for announcement about releases
- algorithm2e-discussion@lirmm.fr mailing list for discussion about package
subscribe by emailing sympa@lirmm.fr with 'subscribe <list> <firstname name>'
- Author: Christophe Fiorio (fiorio@lirmm.fr)
********************************************************
\skiptotal=\skip48
\skiprule=\skip49
\skiphlne=\skip50
\skiptext=\skip51
\skiplength=\skip52
\algomargin=\skip53
\skipnumline=\skip54
\skipalgocfslide=\skip55
\algowidth=\dimen117
\inoutsize=\dimen118
\inoutline=\dimen119
\algocf@inoutbox=\box28
\algocf@inputbox=\box29
\algocf@capbox=\box30
\c@algocfline=\count110
\c@algocf=\count111
\algocf@algoframe=\box31
\algocf@algobox=\box32
) ("C:\Program Files\MiKTeX 2.9\tex\generic\babel\babel.sty"
Package: babel 2017/11/03 3.15 The Babel package

("C:\Program Files\MiKTeX 2.9\tex\generic\babel\switch.def"
File: switch.def 2017/11/03 3.15 Babel switching mechanism
)
*************************************
* Local config file bblopts.cfg used
*
("C:\Program Files\MiKTeX 2.9\tex\latex\arabi\bblopts.cfg"
File: bblopts.cfg 2005/09/08 v0.1 add Arabic and Farsi to "declared" options of
 babel
)
("C:\Program Files\MiKTeX 2.9\tex\latex\babel-english\english.ldf"
Language: english 2017/06/06 v3.3r English support from the babel system

("C:\Program Files\MiKTeX 2.9\tex\generic\babel\babel.def"
File: babel.def 2017/11/03 3.15 Babel common definitions

("C:\Program Files\MiKTeX 2.9\tex\generic\babel\switch.def"
File: switch.def 2017/11/03 3.15 Babel switching mechanism
)
\babel@savecnt=\count112
\U@D=\dimen120
)
\l@canadian = a dialect from \language\l@american 
\l@australian = a dialect from \language\l@british 
\l@newzealand = a dialect from \language\l@british 
))
("C:\Program Files\MiKTeX 2.9\tex\latex\blindtext\blindtext.sty"
Package: blindtext 2012/01/06 V2.0 blindtext-Package
\c@blindtext=\count113
\c@Blindtext=\count114
\c@blind@countparstart=\count115
\blind@countxx=\count116
\blindtext@numBlindtext=\count117
\blind@countyy=\count118
\c@blindlist=\count119
\c@blindlistlevel=\count120
\c@blindlist@level=\count121
\blind@listitem=\count122
\c@blind@listcount=\count123
\c@blind@levelcount=\count124
\blind@mathformula=\count125
\blind@Mathformula=\count126
\c@blind@randomcount=\count127
\c@blind@randommax=\count128
\c@blind@pangramcount=\count129
\c@blind@pangrammax=\count130
)
(sampleThesis.aux

LaTeX Warning: Label `fig:boat1' multiply defined.


LaTeX Warning: Label `' multiply defined.


LaTeX Warning: Label `fig:boat1' multiply defined.


LaTeX Warning: Label `fig:boat1' multiply defined.


LaTeX Warning: Label `fig:boat1' multiply defined.


LaTeX Warning: Label `fig:boat1' multiply defined.


LaTeX Warning: Label `notes' multiply defined.


LaTeX Warning: Label `notes' multiply defined.


LaTeX Warning: Label `notes' multiply defined.


LaTeX Warning: Label `notes' multiply defined.


LaTeX Warning: Label `href' multiply defined.


LaTeX Warning: Label `notes' multiply defined.


LaTeX Warning: Label `notes' multiply defined.


LaTeX Warning: Label `notes' multiply defined.


LaTeX Warning: Label `href' multiply defined.


LaTeX Warning: Label `href' multiply defined.


LaTeX Warning: Label `href' multiply defined.


LaTeX Warning: Label `href' multiply defined.

)
\openout1 = `sampleThesis.aux'.

LaTeX Font Info:    Checking defaults for OML/cmm/m/it on input line 29.
LaTeX Font Info:    ... okay on input line 29.
LaTeX Font Info:    Checking defaults for T1/cmr/m/n on input line 29.
LaTeX Font Info:    ... okay on input line 29.
LaTeX Font Info:    Checking defaults for OT1/cmr/m/n on input line 29.
LaTeX Font Info:    ... okay on input line 29.
LaTeX Font Info:    Checking defaults for OMS/cmsy/m/n on input line 29.
LaTeX Font Info:    ... okay on input line 29.
LaTeX Font Info:    Checking defaults for OMX/cmex/m/n on input line 29.
LaTeX Font Info:    ... okay on input line 29.
LaTeX Font Info:    Checking defaults for U/cmr/m/n on input line 29.
LaTeX Font Info:    ... okay on input line 29.
LaTeX Font Info:    Try loading font information for OT1+ptm on input line 29.
 ("C:\Program Files\MiKTeX 2.9\tex\latex\psnfss\ot1ptm.fd"
File: ot1ptm.fd 2001/06/04 font definitions for OT1/ptm.
)
("C:\Program Files\MiKTeX 2.9\tex\context\base\supp-pdf.mkii"
[Loading MPS to PDF converter (version 2006.09.02).]
\scratchcounter=\count131
\scratchdimen=\dimen121
\scratchbox=\box33
\nofMPsegments=\count132
\nofMParguments=\count133
\everyMPshowfont=\toks20
\MPscratchCnt=\count134
\MPscratchDim=\dimen122
\MPnumerator=\count135
\makeMPintoPDFobject=\count136
\everyMPtoPDFconversion=\toks21
) ("C:\Program Files\MiKTeX 2.9\tex\latex\oberdiek\epstopdf-base.sty"
Package: epstopdf-base 2016/05/15 v2.6 Base part for package epstopdf

("C:\Program Files\MiKTeX 2.9\tex\generic\oberdiek\infwarerr.sty"
Package: infwarerr 2016/05/16 v1.4 Providing info/warning/error messages (HO)
)
("C:\Program Files\MiKTeX 2.9\tex\latex\oberdiek\grfext.sty"
Package: grfext 2016/05/16 v1.2 Manage graphics extensions (HO)

("C:\Program Files\MiKTeX 2.9\tex\generic\oberdiek\kvdefinekeys.sty"
Package: kvdefinekeys 2016/05/16 v1.4 Define keys (HO)

("C:\Program Files\MiKTeX 2.9\tex\generic\oberdiek\ltxcmds.sty"
Package: ltxcmds 2016/05/16 v1.23 LaTeX kernel commands for general use (HO)
)))
("C:\Program Files\MiKTeX 2.9\tex\latex\oberdiek\kvoptions.sty"
Package: kvoptions 2016/05/16 v3.12 Key value format for package options (HO)

("C:\Program Files\MiKTeX 2.9\tex\generic\oberdiek\kvsetkeys.sty"
Package: kvsetkeys 2016/05/16 v1.17 Key value parser (HO)

("C:\Program Files\MiKTeX 2.9\tex\generic\oberdiek\etexcmds.sty"
Package: etexcmds 2016/05/16 v1.6 Avoid name clashes with e-TeX commands (HO)

("C:\Program Files\MiKTeX 2.9\tex\generic\oberdiek\ifluatex.sty"
Package: ifluatex 2016/05/16 v1.4 Provides the ifluatex switch (HO)
Package ifluatex Info: LuaTeX not detected.
)
Package etexcmds Info: Could not find \expanded.
(etexcmds)             That can mean that you are not using pdfTeX 1.50 or
(etexcmds)             that some package has redefined \expanded.
(etexcmds)             In the latter case, load this package earlier.
)))
("C:\Program Files\MiKTeX 2.9\tex\generic\oberdiek\pdftexcmds.sty"
Package: pdftexcmds 2017/03/19 v0.25 Utility functions of pdfTeX for LuaTeX (HO
)

("C:\Program Files\MiKTeX 2.9\tex\generic\oberdiek\ifpdf.sty"
Package: ifpdf 2017/03/15 v3.2 Provides the ifpdf switch
)
Package pdftexcmds Info: LuaTeX not detected.
Package pdftexcmds Info: \pdf@primitive is available.
Package pdftexcmds Info: \pdf@ifprimitive is available.
Package pdftexcmds Info: \pdfdraftmode found.
)
Package epstopdf-base Info: Redefining graphics rule for `.eps' on input line 4
38.
Package grfext Info: Graphics extension search list:
(grfext)             [.pdf,.png,.jpg,.mps,.jpeg,.jbig2,.jb2,.PDF,.PNG,.JPG,.JPE
G,.JBIG2,.JB2,.eps]
(grfext)             \AppendGraphicsExtensions on input line 456.
) (titlePage.tex
LaTeX Font Info:    Font shape `OT1/ptm/bx/n' in size <14.4> not available
(Font)              Font shape `OT1/ptm/b/n' tried instead on input line 3.
<Figures/LNMIIT.png, id=1, 332.24126pt x 152.57pt>
File: Figures/LNMIIT.png Graphic file (type png)
<use Figures/LNMIIT.png>
Package pdftex.def Info: Figures/LNMIIT.png  used on input line 30. on input li
ne 30.
Package pdftex.def Info: Requested size: 125.19212pt x 57.49063pt on input line
 30.
) (certificate.tex [1


{C:/Users/Lokesh Kaushik/AppData/Local/MiKTeX/2.9/pdftex/config/pdftex.map} <./
Figures/LNMIIT.png>]
Missing character: There is no ‚ in font ptmr7t!
Missing character: There is no Ä in font ptmr7t!
Missing character: There is no ú in font ptmr7t!
Missing character: There is no ‚ in font ptmr7t!
Missing character: There is no Ä in font ptmr7t!
Missing character: There is no ù in font ptmr7t!
LaTeX Font Info:    Try loading font information for U+msa on input line 15.

("C:\Program Files\MiKTeX 2.9\tex\latex\amsfonts\umsa.fd"
File: umsa.fd 2013/01/14 v3.01 AMS symbols A
)
LaTeX Font Info:    Try loading font information for U+msb on input line 15.

("C:\Program Files\MiKTeX 2.9\tex\latex\amsfonts\umsb.fd"
File: umsb.fd 2013/01/14 v3.01 AMS symbols B
)
LaTeX Font Info:    Try loading font information for U+lasy on input line 15.

("C:\Program Files\MiKTeX 2.9\tex\latex\base\ulasy.fd"
File: ulasy.fd 1998/08/17 v2.2e LaTeX symbol font definitions
)) [2]
(acknowledgements.tex) [3

] (abstract.tex)
Underfull \vbox (badness 3623) has occurred while \output is active []

 [4

]
[5] (sampleThesis.toc [6

])
\tf@toc=\write3
\openout3 = `sampleThesis.toc'.

 [7]
Chapter 1.
(Chapter1.tex
<Figures/cloud.jpg, id=31, 246.87431pt x 129.3633pt>
File: Figures/cloud.jpg Graphic file (type jpg)
<use Figures/cloud.jpg>
Package pdftex.def Info: Figures/cloud.jpg  used on input line 6. on input line
 6.
Package pdftex.def Info: Requested size: 451.6875pt x 236.7147pt on input line 
6.
LaTeX Font Info:    Font shape `OT1/ptm/bx/n' in size <10.95> not available
(Font)              Font shape `OT1/ptm/b/n' tried instead on input line 7.
 [1

] [2 <./Figures/cloud.jpg>]
Missing character: There is no ‚ in font ptmr7t!
Missing character: There is no Ä in font ptmr7t!
Missing character: There is no ô in font ptmr7t!
Missing character: There is no ‚ in font ptmr7t!
Missing character: There is no Ä in font ptmr7t!
Missing character: There is no ô in font ptmr7t!
<Figures/ServiceModels.JPG, id=38, 246.87431pt x 154.36871pt>
File: Figures/ServiceModels.JPG Graphic file (type jpg)
<use Figures/ServiceModels.JPG>
Package pdftex.def Info: Figures/ServiceModels.JPG  used on input line 30. on i
nput line 30.
Package pdftex.def Info: Requested size: 451.6875pt x 282.47073pt on input line
 30.
 [3 <./Figures/ServiceModels.JPG>]
Missing character: There is no ‚ in font ptmr7t!
Missing character: There is no Ä in font ptmr7t!
Missing character: There is no ¢ in font ptmr7t!
Missing character: There is no ‚ in font ptmr7t!
Missing character: There is no Ä in font ptmr7t!
Missing character: There is no ¢ in font ptmr7t!

Underfull \vbox (badness 10000) has occurred while \output is active []

 [4]
Missing character: There is no ‚ in font ptmr7t!
Missing character: There is no Ä in font ptmr7t!
Missing character: There is no ô in font ptmr7t!
)
[5]
Chapter 2.
(Chapter2.tex [6

] [7] [8]) [9]
Chapter 3.
(Chapter3.tex [10

]
Missing character: There is no ‚ in font ptmr7t!
Missing character: There is no Ä in font ptmr7t!
Missing character: There is no ô in font ptmr7t!
) [11]
Chapter 4.
(Chapter4.tex
LaTeX Font Info:    Font shape `OT1/ptm/bx/n' in size <12> not available
(Font)              Font shape `OT1/ptm/b/n' tried instead on input line 7.
 [12

]
Missing character: There is no ‚ in font ptmr7t!
Missing character: There is no Ä in font ptmr7t!
Missing character: There is no ú in font ptmr7t!
Missing character: There is no ‚ in font ptmr7t!
Missing character: There is no Ä in font ptmr7t!
Missing character: There is no ù in font ptmr7t!
<Figures/Nessi2GUI.JPG, id=71, 1028.34187pt x 548.0475pt>
File: Figures/Nessi2GUI.JPG Graphic file (type jpg)
<use Figures/Nessi2GUI.JPG>
Package pdftex.def Info: Figures/Nessi2GUI.JPG  used on input line 39. on input
 line 39.
Package pdftex.def Info: Requested size: 451.6875pt x 240.72351pt on input line
 39.
 [13] [14 <./Figures/Nessi2GUI.JPG>]
<Figures/Backend.JPG, id=78, 738.50906pt x 387.69844pt>
File: Figures/Backend.JPG Graphic file (type jpg)
<use Figures/Backend.JPG>
Package pdftex.def Info: Figures/Backend.JPG  used on input line 50. on input l
ine 50.
Package pdftex.def Info: Requested size: 451.6875pt x 237.12277pt on input line
 50.
 [15 <./Figures/Backend.JPG>]
Missing character: There is no ‚ in font ptmr7t!
Missing character: There is no Ä in font ptmr7t!
Missing character: There is no ô in font ptmr7t!
<Figures/procedureJPG.JPG, id=82, 438.8897pt x 138.5175pt>
File: Figures/procedureJPG.JPG Graphic file (type jpg)
<use Figures/procedureJPG.JPG>
Package pdftex.def Info: Figures/procedureJPG.JPG  used on input line 69. on in
put line 69.
Package pdftex.def Info: Requested size: 451.6875pt x 142.56047pt on input line
 69.
<Figures/subnet.JPG, id=83, 1028.34187pt x 548.0475pt>
File: Figures/subnet.JPG Graphic file (type jpg)
<use Figures/subnet.JPG>
Package pdftex.def Info: Figures/subnet.JPG  used on input line 84. on input li
ne 84.
Package pdftex.def Info: Requested size: 451.6875pt x 240.72351pt on input line
 84.
 [16 <./Figures/procedureJPG.JPG>] [17 <./Figures/subnet.JPG>] [18]
<Figures/Client14.JPG, id=94, 780.66656pt x 437.38406pt>
File: Figures/Client14.JPG Graphic file (type jpg)
<use Figures/Client14.JPG>
Package pdftex.def Info: Figures/Client14.JPG  used on input line 108. on input
 line 108.
Package pdftex.def Info: Requested size: 451.6875pt x 253.06892pt on input line
 108.
<Figures/Client74.JPG, id=95, 783.67781pt x 439.6425pt>
File: Figures/Client74.JPG Graphic file (type jpg)
<use Figures/Client74.JPG>
Package pdftex.def Info: Figures/Client74.JPG  used on input line 114. on input
 line 114.
Package pdftex.def Info: Requested size: 451.6875pt x 253.39622pt on input line
 114.


LaTeX Warning: `h' float specifier changed to `ht'.

<Figures/client.JPG, id=96, 782.17218pt x 436.63126pt>
File: Figures/client.JPG Graphic file (type jpg)
<use Figures/client.JPG>
Package pdftex.def Info: Figures/client.JPG  used on input line 120. on input l
ine 120.
Package pdftex.def Info: Requested size: 451.6875pt x 252.147pt on input line 1
20.

LaTeX Warning: `h' float specifier changed to `ht'.

) [19 <./Figures/Client14.JPG>] [20 <./Figures/Client74.JPG> <./Figures/client.
JPG>]
Chapter 5.
(Chapter5.tex
<Figures/Capture9.JPG, id=103, 389.20406pt x 221.32687pt>
File: Figures/Capture9.JPG Graphic file (type jpg)
<use Figures/Capture9.JPG>
Package pdftex.def Info: Figures/Capture9.JPG  used on input line 12. on input 
line 12.
Package pdftex.def Info: Requested size: 451.6875pt x 256.86766pt on input line
 12.


LaTeX Warning: `h' float specifier changed to `ht'.

[21

] [22 <./Figures/Capture9.JPG>]) [23]
Chapter 6.
(Chapter6.tex
Missing character: There is no ‚ in font ptmr7t!
Missing character: There is no Ä in font ptmr7t!
Missing character: There is no ô in font ptmr7t!
Missing character: There is no ‚ in font ptmr7t!
Missing character: There is no Ä in font ptmr7t!
Missing character: There is no ô in font ptmr7t!
Missing character: There is no ‚ in font ptmr7t!
Missing character: There is no Ä in font ptmr7t!
Missing character: There is no ù in font ptmr7t!
Missing character: There is no ‚ in font ptmr7t!
Missing character: There is no Ä in font ptmr7t!
Missing character: There is no ù in font ptmr7t!
Missing character: There is no ‚ in font ptmr7t!
Missing character: There is no Ä in font ptmr7t!
Missing character: There is no ù in font ptmr7t!
Missing character: There is no ‚ in font ptmr7t!
Missing character: There is no Ä in font ptmr7t!
Missing character: There is no ù in font ptmr7t!
Missing character: There is no ‚ in font ptmr7t!
Missing character: There is no Ä in font ptmr7t!
Missing character: There is no ù in font ptmr7t!
Missing character: There is no ‚ in font ptmr7t!
Missing character: There is no Ä in font ptmr7t!
Missing character: There is no ù in font ptmr7t!
Missing character: There is no ‚ in font ptmr7t!
Missing character: There is no Ä in font ptmr7t!
Missing character: There is no ù in font ptmr7t!
Missing character: There is no ‚ in font ptmr7t!
Missing character: There is no Ä in font ptmr7t!
Missing character: There is no ù in font ptmr7t!
Missing character: There is no ‚ in font ptmr7t!
Missing character: There is no Ä in font ptmr7t!
Missing character: There is no ù in font ptmr7t!
Missing character: There is no ‚ in font ptmr7t!
Missing character: There is no Ä in font ptmr7t!
Missing character: There is no ù in font ptmr7t!
 [24

]) [25]
Chapter 7.
(Chapter7.tex
<Figures/Capture17.JPG, id=120, 359.09157pt x 80.55093pt>
File: Figures/Capture17.JPG Graphic file (type jpg)
<use Figures/Capture17.JPG>
Package pdftex.def Info: Figures/Capture17.JPG  used on input line 13. on input
 line 13.
Package pdftex.def Info: Requested size: 451.6875pt x 101.32878pt on input line
 13.
 [26

 <./Figures/Capture17.JPG>]
<Figures/Capture10.JPG, id=124, 418.56375pt x 228.855pt>
File: Figures/Capture10.JPG Graphic file (type jpg)
<use Figures/Capture10.JPG>
Package pdftex.def Info: Figures/Capture10.JPG  used on input line 19. on input
 line 19.
Package pdftex.def Info: Requested size: 451.6875pt x 246.96416pt on input line
 19.
<Figures/Capture11.JPG, id=125, 413.29407pt x 149.8097pt>
File: Figures/Capture11.JPG Graphic file (type jpg)
<use Figures/Capture11.JPG>
Package pdftex.def Info: Figures/Capture11.JPG  used on input line 24. on input
 line 24.
Package pdftex.def Info: Requested size: 451.6875pt x 163.73048pt on input line
 24.
 [27 <./Figures/Capture10.JPG> <./Figures/Capture11.JPG>] [28]
<Figures/Capture19.JPG, id=132, 616.55344pt x 460.72125pt>
File: Figures/Capture19.JPG Graphic file (type jpg)
<use Figures/Capture19.JPG>
Package pdftex.def Info: Figures/Capture19.JPG  used on input line 57. on input
 line 57.
Package pdftex.def Info: Requested size: 451.6875pt x 337.53288pt on input line
 57.
 [29 <./Figures/Capture19.JPG>]
<Figures/Capture14.JPG, id=136, 359.84438pt x 56.46094pt>
File: Figures/Capture14.JPG Graphic file (type jpg)
<use Figures/Capture14.JPG>
Package pdftex.def Info: Figures/Capture14.JPG  used on input line 65. on input
 line 65.
Package pdftex.def Info: Requested size: 451.6875pt x 70.8775pt on input line 6
5.
<Figures/Capture15.JPG, id=137, 165.61874pt x 46.67438pt>
File: Figures/Capture15.JPG Graphic file (type jpg)
<use Figures/Capture15.JPG>
Package pdftex.def Info: Figures/Capture15.JPG  used on input line 70. on input
 line 70.
Package pdftex.def Info: Requested size: 451.6875pt x 127.31221pt on input line
 70.
<Figures/Capture12.JPG, id=138, 445.665pt x 487.8225pt>
File: Figures/Capture12.JPG Graphic file (type jpg)
<use Figures/Capture12.JPG>
Package pdftex.def Info: Figures/Capture12.JPG  used on input line 75. on input
 line 75.
Package pdftex.def Info: Requested size: 451.6875pt x 494.41629pt on input line
 75.


LaTeX Warning: `h' float specifier changed to `ht'.

) [30 <./Figures/Capture14.JPG> <./Figures/Capture15.JPG>] [31 <./Figures/Captu
re12.JPG>]
Chapter 8.
(conclusion.tex) (sampleThesis.bbl [32

]) [33

] (sampleThesis.aux)

LaTeX Warning: There were multiply-defined labels.

 ) 
Here is how much of TeX's memory you used:
 4060 strings out of 493312
 54557 string characters out of 3138870
 141627 words of memory out of 3000000
 7448 multiletter control sequences out of 15000+200000
 28202 words of font info for 59 fonts, out of 3000000 for 9000
 1141 hyphenation exceptions out of 8191
 41i,10n,26p,1789b,253s stack positions out of 5000i,500n,10000p,200000b,50000s
{C:/Program Files/MiKTeX 2.9/fonts/enc/dvips/base/8r.enc}<C:/Program Files/Mi
KTeX 2.9/fonts/type1/public/amsfonts/cm/cmmi10.pfb><C:/Program Files/MiKTeX 2.9
/fonts/type1/urw/times/utmb8a.pfb><C:/Program Files/MiKTeX 2.9/fonts/type1/urw/
times/utmr8a.pfb><C:/Program Files/MiKTeX 2.9/fonts/type1/urw/times/utmr8a.pfb>
<C:/Program Files/MiKTeX 2.9/fonts/type1/urw/times/utmri8a.pfb>
Output written on sampleThesis.pdf (40 pages, 1825937 bytes).
PDF statistics:
 172 PDF objects out of 1000 (max. 8388607)
 0 named destinations out of 1000 (max. 500000)
 91 words of extra memory for PDF output out of 10000 (max. 10000000)

